<?xml version="1.0" encoding="UTF-8"?>
<!-- Generated by org.testng.reporters.JUnitReportReporter -->
<testsuite hostname="PC68" failures="0" tests="3" name="Testing.NewTest" time="43.020" errors="0" timestamp="2021-12-21T18:42:04 IST" skipped="0">
  <testcase classname="Testing.NewTest" name="ChkSIGNUPLINK" time="1.338"/>
  <system-out/>
  <testcase classname="Testing.NewTest" name="Signup" time="40.399"/>
  <system-out/>
  <testcase classname="Testing.NewTest" name="ChkLOGIN" time="1.283"/>
  <system-out/>
</testsuite> <!-- Testing.NewTest -->
